  Main.cpp
c:\users\mariusz\documents\projekty\project1\project1\main.cpp(87): warning C4244: "=": konwersja z "double" do "float", możliwa utrata danych
c:\users\mariusz\documents\projekty\project1\project1\main.cpp(93): warning C4244: "=": konwersja z "double" do "float", możliwa utrata danych
c:\users\mariusz\documents\projekty\project1\project1\main.cpp(98): warning C4244: "=": konwersja z "double" do "float", możliwa utrata danych
c:\users\mariusz\documents\projekty\project1\project1\main.cpp(102): warning C4244: "=": konwersja z "double" do "float", możliwa utrata danych
c:\users\mariusz\documents\projekty\project1\project1\main.cpp(106): warning C4244: "=": konwersja z "double" do "float", możliwa utrata danych
c:\users\mariusz\documents\projekty\project1\project1\main.cpp(142): warning C4244: "=": konwersja z "int" do "float", możliwa utrata danych
c:\users\mariusz\documents\projekty\project1\project1\main.cpp(119): warning C4101: "x3": lokalna zmienna, do której nie istnieje odwołanie
c:\users\mariusz\documents\projekty\project1\project1\main.cpp(184): warning C4244: "=": konwersja z "double" do "float", możliwa utrata danych
c:\users\mariusz\documents\projekty\project1\project1\main.cpp(187): warning C4244: "=": konwersja z "double" do "float", możliwa utrata danych
c:\users\mariusz\documents\projekty\project1\project1\main.cpp(202): warning C4244: "=": konwersja z "double" do "float", możliwa utrata danych
c:\users\mariusz\documents\projekty\project1\project1\main.cpp(208): warning C4244: "=": konwersja z "double" do "float", możliwa utrata danych
c:\users\mariusz\documents\projekty\project1\project1\main.cpp(216): warning C4244: "=": konwersja z "double" do "float", możliwa utrata danych
c:\users\mariusz\documents\projekty\project1\project1\main.cpp(224): warning C4244: "=": konwersja z "double" do "float", możliwa utrata danych
c:\users\mariusz\documents\projekty\project1\project1\main.cpp(232): warning C4244: "=": konwersja z "double" do "float", możliwa utrata danych
c:\users\mariusz\documents\projekty\project1\project1\main.cpp(251): warning C4244: "=": konwersja z "double" do "float", możliwa utrata danych
c:\users\mariusz\documents\projekty\project1\project1\main.cpp(254): warning C4244: "=": konwersja z "double" do "float", możliwa utrata danych
c:\users\mariusz\documents\projekty\project1\project1\main.cpp(269): warning C4244: "=": konwersja z "int" do "float", możliwa utrata danych
c:\users\mariusz\documents\projekty\project1\project1\main.cpp(299): warning C4101: "event": lokalna zmienna, do której nie istnieje odwołanie
  Project1.vcxproj -> C:\Users\Mariusz\Documents\Projekty\Project1\x64\Debug\Project1.exe
